INFO 2021/7/29上午10:54:57  luanchFromDiffVersion, pre version is undefined
INFO 2021/7/29上午10:54:57  overwriteThemeFolder
INFO 2021/7/29上午10:54:57  ------------------start------------------
INFO 2021/7/29上午10:54:57  typora version: 0.11.1
INFO 2021/7/29上午10:54:57  [Raven] instanceKey = 8a90b573-aa55-43e1-bb7e-f80fbd96c7c6
INFO 2021/7/29上午10:54:57  added recovery 1 null undefined (0)
INFO 2021/7/29上午10:54:57  [Raven] userId = 2867a5b0-9068-4947-b21f-f57e3f55e5fb
INFO 2021/7/29上午10:54:57  [focus] 1
INFO 2021/7/29上午10:54:57  synced recovery
INFO 2021/7/29上午10:54:58  handle document.loadInitData
INFO 2021/7/29上午10:54:58  added recovery 1 undefined undefined (0)
INFO 2021/7/29上午10:54:58  synced recovery
INFO 2021/7/29上午10:54:59  added recovery 1 undefined s (1)
INFO 2021/7/29上午10:54:59  synced recovery
INFO 2021/7/29上午10:55:01  added recovery 1 undefined ss (2)
INFO 2021/7/29上午10:55:01  synced recovery
INFO 2021/7/29上午10:55:02  added recovery 1 undefined i (1)
INFO 2021/7/29上午10:55:02  synced recovery
INFO 2021/7/29上午10:55:04  added recovery 1 undefined int a (5)
INFO 2021/7/29上午10:55:04  synced recovery
INFO 2021/7/29上午10:55:07  added recovery 1 undefined # (1)
INFO 2021/7/29上午10:55:07  synced recovery
INFO 2021/7/29上午10:55:10  added recovery 1 undefined #y (2)
INFO 2021/7/29上午10:55:10  synced recovery
INFO 2021/7/29上午10:55:11  added recovery 1 undefined #y (2)
INFO 2021/7/29上午10:55:11  synced recovery
INFO 2021/7/29上午10:55:14  added recovery 1 undefined #一级标题 (5)
INFO 2021/7/29上午10:55:14  synced recovery
INFO 2021/7/29上午10:55:14  added recovery 1 undefined #一级标题

 (7)
INFO 2021/7/29上午10:55:14  synced recovery
INFO 2021/7/29上午10:55:16  added recovery 1 undefined #一级标题

as (9)
INFO 2021/7/29上午10:55:16  synced recovery
INFO 2021/7/29上午10:55:16  added recovery 1 undefined #一级标题

as (9)
INFO 2021/7/29上午10:55:16  synced recovery
INFO 2021/7/29上午10:55:18  added recovery 1 undefined #一级标题

# (8)
INFO 2021/7/29上午10:55:18  synced recovery
INFO 2021/7/29上午10:55:21  added recovery 1 undefined #一级标题

##耳机 (11)
INFO 2021/7/29上午10:55:21  synced recovery
INFO 2021/7/29上午10:55:21  added recovery 1 undefined #一级标题

##耳 (10)
INFO 2021/7/29上午10:55:21  synced recovery
INFO 2021/7/29上午10:55:23  added recovery 1 undefined #一级标题

##二级 (11)
INFO 2021/7/29上午10:55:23  synced recovery
INFO 2021/7/29上午10:55:51  added recovery 1 undefined #一级标题

##二级标题 (13)
INFO 2021/7/29上午10:55:51  synced recovery
INFO 2021/7/29上午10:55:54  added recovery 1 undefined #一级标题

##二级标题

： (16)
INFO 2021/7/29上午10:55:54  synced recovery
INFO 2021/7/29上午10:55:56  added recovery 1 undefined #一级标题

##二级标题

： (16)
INFO 2021/7/29上午10:55:56  synced recovery
INFO 2021/7/29上午10:55:56  added recovery 1 undefined #一级标题

##二级标题

： (16)
INFO 2021/7/29上午10:55:56  synced recovery
INFO 2021/7/29上午10:55:57  added recovery 1 undefined #一级标题

##二级标题

 (15)
INFO 2021/7/29上午10:55:57  synced recovery
INFO 2021/7/29上午10:55:57  added recovery 1 undefined #一级标题

##二级标题 (13)
INFO 2021/7/29上午10:55:57  synced recovery
INFO 2021/7/29上午10:55:57  added recovery 1 undefined #一级标题

##二级标 (12)
INFO 2021/7/29上午10:55:57  synced recovery
INFO 2021/7/29上午10:55:58  added recovery 1 undefined #一级标题 (5)
INFO 2021/7/29上午10:55:58  synced recovery
INFO 2021/7/29上午10:55:58  added recovery 1 undefined #一级标 (4)
INFO 2021/7/29上午10:55:58  synced recovery
INFO 2021/7/29上午10:56:00  [blur] 1
INFO 2021/7/29上午10:56:00  [win] blur
INFO 2021/7/29上午10:56:01  synced recovery
INFO 2021/7/29上午10:56:01  ----------------before-quit-----------------
INFO 2021/7/29上午10:56:02  [focus] 1
INFO 2021/7/29上午10:56:03  synced recovery
INFO 2021/7/29上午10:56:03  ----------------before-quit-----------------
INFO 2021/7/29上午10:56:03  ------------------will-quit------------------
INFO 2021/7/29上午10:56:03  -----------------quit------------------
INFO 2021/7/29上午10:56:03  closeLogging
INFO 2021/7/29上午11:00:13  ------------------start------------------
INFO 2021/7/29上午11:00:13  typora version: 0.11.1
INFO 2021/7/29上午11:00:13  [Raven] instanceKey = 17cb3804-d6d2-424b-94d1-9bb87667286d
INFO 2021/7/29上午11:00:13  added recovery 1 null undefined (0)
INFO 2021/7/29上午11:00:13  [Raven] userId = 2867a5b0-9068-4947-b21f-f57e3f55e5fb
INFO 2021/7/29上午11:00:13  [focus] 1
INFO 2021/7/29上午11:00:13  synced recovery
INFO 2021/7/29上午11:00:14  handle document.loadInitData
INFO 2021/7/29上午11:00:14  added recovery 1 undefined undefined (0)
INFO 2021/7/29上午11:00:14  synced recovery
INFO 2021/7/29上午11:00:40  [blur] 1
INFO 2021/7/29上午11:00:40  [win] blur
INFO 2021/7/29上午11:00:43  [focus] 1
INFO 2021/7/29上午11:00:49  [blur] 1
INFO 2021/7/29上午11:00:49  [win] blur
INFO 2021/7/29上午11:00:52  [focus] 1
INFO 2021/7/29上午11:00:55  [blur] 1
INFO 2021/7/29上午11:00:55  [win] blur
INFO 2021/7/29上午11:01:00  [focus] 1
INFO 2021/7/29上午11:01:00  [blur] 1
INFO 2021/7/29上午11:01:00  [win] blur
INFO 2021/7/29上午11:01:00  [focus] 1
INFO 2021/7/29上午11:01:00  [blur] 1
INFO 2021/7/29上午11:01:00  [win] blur
INFO 2021/7/29上午11:01:00  [focus] 1
INFO 2021/7/29上午11:01:04  [blur] 1
INFO 2021/7/29上午11:01:04  [win] blur
INFO 2021/7/29上午11:01:04  [focus] 1
INFO 2021/7/29上午11:01:05  [blur] 1
INFO 2021/7/29上午11:01:05  [win] blur
INFO 2021/7/29上午11:01:05  [focus] 1
INFO 2021/7/29上午11:01:18  [blur] 1
INFO 2021/7/29上午11:01:18  [win] blur
INFO 2021/7/29上午11:01:18  [focus] 1
INFO 2021/7/29上午11:01:19  [blur] 1
INFO 2021/7/29上午11:01:19  [win] blur
INFO 2021/7/29上午11:01:19  [focus] 1
INFO 2021/7/29上午11:01:21  [blur] 1
INFO 2021/7/29上午11:01:21  [win] blur
INFO 2021/7/29上午11:01:23  [focus] 1
INFO 2021/7/29上午11:01:24  [blur] 1
INFO 2021/7/29上午11:01:24  [win] blur
INFO 2021/7/29上午11:01:24  [focus] 1
INFO 2021/7/29上午11:01:30  [blur] 1
INFO 2021/7/29上午11:01:30  [win] blur
INFO 2021/7/29上午11:01:30  [focus] 1
INFO 2021/7/29上午11:01:35  [blur] 1
INFO 2021/7/29上午11:01:35  [win] blur
INFO 2021/7/29上午11:01:37  [focus] 1
INFO 2021/7/29上午11:01:37  [blur] 1
INFO 2021/7/29上午11:01:37  [win] blur
INFO 2021/7/29上午11:01:39  [focus] 1
INFO 2021/7/29上午11:01:43  [blur] 1
INFO 2021/7/29上午11:01:43  [win] blur
INFO 2021/7/29上午11:01:43  [focus] 1
INFO 2021/7/29上午11:01:45  added recovery 1 undefined 

 (2)
INFO 2021/7/29上午11:01:45  synced recovery
INFO 2021/7/29上午11:01:47  [blur] 1
INFO 2021/7/29上午11:01:47  [win] blur
INFO 2021/7/29上午11:01:47  [focus] 1
INFO 2021/7/29上午11:02:42  [blur] 1
INFO 2021/7/29上午11:02:42  [win] blur
INFO 2021/7/29上午11:02:43  [focus] 1
INFO 2021/7/29上午11:02:43  [blur] 1
INFO 2021/7/29上午11:02:43  [win] blur
INFO 2021/7/29上午11:02:44  [focus] 1
INFO 2021/7/29上午11:02:46  [blur] 1
INFO 2021/7/29上午11:02:46  [win] blur
INFO 2021/7/29上午11:02:47  synced recovery
INFO 2021/7/29上午11:02:47  ----------------before-quit-----------------
INFO 2021/7/29上午11:02:47  [focus] 1
INFO 2021/7/29上午11:02:49  [blur] 1
INFO 2021/7/29上午11:02:49  [win] blur
INFO 2021/7/29上午11:03:59  ------------------start------------------
INFO 2021/7/29上午11:03:59  typora version: 0.11.1
INFO 2021/7/29上午11:03:59  addRecentDocument
INFO 2021/7/29上午11:03:59  added recovery 1 /home/dong/rising/QT/test.md undefined (0)
INFO 2021/7/29上午11:03:59  [Raven] instanceKey = b313fab2-d4b5-4068-be00-22d6af824a11
INFO 2021/7/29上午11:03:59  [Raven] userId = 2867a5b0-9068-4947-b21f-f57e3f55e5fb
INFO 2021/7/29上午11:03:59  [focus] 1
INFO 2021/7/29上午11:04:00  synced recovery
INFO 2021/7/29上午11:04:01  handle document.loadInitData
INFO 2021/7/29上午11:04:01  added recovery 1 /home/dong/rising/QT/test.md undefined (0)
INFO 2021/7/29上午11:04:01  synced recovery
INFO 2021/7/29上午11:04:08  added recovery 1 /home/dong/rising/QT/test.md # (1)
INFO 2021/7/29上午11:04:08  synced recovery
INFO 2021/7/29上午11:04:10  added recovery 1 /home/dong/rising/QT/test.md #i (2)
INFO 2021/7/29上午11:04:10  synced recovery
INFO 2021/7/29上午11:04:12  added recovery 1 /home/dong/rising/QT/test.md #y (2)
INFO 2021/7/29上午11:04:12  synced recovery
INFO 2021/7/29上午11:04:12  added recovery 1 /home/dong/rising/QT/test.md #y (2)
INFO 2021/7/29上午11:04:12  synced recovery
INFO 2021/7/29上午11:04:15  added recovery 1 /home/dong/rising/QT/test.md #以及 (3)
INFO 2021/7/29上午11:04:15  synced recovery
INFO 2021/7/29上午11:04:16  added recovery 1 /home/dong/rising/QT/test.md #以 (2)
INFO 2021/7/29上午11:04:16  synced recovery
INFO 2021/7/29上午11:04:17  added recovery 1 /home/dong/rising/QT/test.md #一级 (3)
INFO 2021/7/29上午11:04:17  synced recovery
INFO 2021/7/29上午11:04:19  added recovery 1 /home/dong/rising/QT/test.md #一级标题

 (7)
INFO 2021/7/29上午11:04:19  synced recovery
INFO 2021/7/29上午11:04:20  added recovery 1 /home/dong/rising/QT/test.md #一级标题

# (8)
INFO 2021/7/29上午11:04:20  synced recovery
INFO 2021/7/29上午11:04:23  added recovery 1 /home/dong/rising/QT/test.md #一级标题

##二级bi聊 (14)
INFO 2021/7/29上午11:04:23  synced recovery
INFO 2021/7/29上午11:04:28  added recovery 1 /home/dong/rising/QT/test.md #一级标题

##二级标题 (13)
INFO 2021/7/29上午11:04:28  synced recovery
INFO 2021/7/29上午11:04:54  added recovery 1 /home/dong/rising/QT/test.md #一级标题

##二级标题 (13)
INFO 2021/7/29上午11:04:54  synced recovery
INFO 2021/7/29上午11:05:04  added recovery 1 /home/dong/rising/QT/test.md #一级标题

##二级标题

#  (17)
INFO 2021/7/29上午11:05:04  synced recovery
INFO 2021/7/29上午11:05:05  added recovery 1 /home/dong/rising/QT/test.md #一级标题

##二级标题

# 阿萨德 (20)
INFO 2021/7/29上午11:05:05  synced recovery
INFO 2021/7/29上午11:05:10  added recovery 1 /home/dong/rising/QT/test.md #一级标题

##二级标题

#  (17)
INFO 2021/7/29上午11:05:10  synced recovery
INFO 2021/7/29上午11:05:17  added recovery 1 /home/dong/rising/QT/test.md #一级标题

##二级标题

 (15)
INFO 2021/7/29上午11:05:17  synced recovery
INFO 2021/7/29上午11:05:18  added recovery 1 /home/dong/rising/QT/test.md #一级标题

##二级标题

驱蚊草 (18)
INFO 2021/7/29上午11:05:18  synced recovery
INFO 2021/7/29上午11:05:20  added recovery 1 /home/dong/rising/QT/test.md  (0)
INFO 2021/7/29上午11:05:20  synced recovery
INFO 2021/7/29上午11:05:32  added recovery 1 /home/dong/rising/QT/test.md 王企鹅 (3)
INFO 2021/7/29上午11:05:32  synced recovery
INFO 2021/7/29上午11:05:33  added recovery 1 /home/dong/rising/QT/test.md 王企 (2)
INFO 2021/7/29上午11:05:33  synced recovery
INFO 2021/7/29上午11:25:43  added recovery 1 /home/dong/rising/QT/test.md 某杰 (2)
INFO 2021/7/29上午11:25:43  synced recovery
INFO 2021/7/29上午11:25:44  added recovery 1 /home/dong/rising/QT/test.md 某杰

 (4)
INFO 2021/7/29上午11:25:44  synced recovery
INFO 2021/7/29上午11:25:47  added recovery 1 /home/dong/rising/QT/test.md 某杰

#  (6)
INFO 2021/7/29上午11:25:47  synced recovery
INFO 2021/7/29上午11:25:47  added recovery 1 /home/dong/rising/QT/test.md 某杰

# 阿萨德 (9)
INFO 2021/7/29上午11:25:47  synced recovery
INFO 2021/7/29上午11:25:48  added recovery 1 /home/dong/rising/QT/test.md 某杰

# 阿萨德

 (11)
INFO 2021/7/29上午11:25:48  synced recovery
INFO 2021/7/29上午11:25:48  added recovery 1 /home/dong/rising/QT/test.md 某杰

# 阿萨德

阿萨德 (14)
INFO 2021/7/29上午11:25:48  synced recovery
INFO 2021/7/29上午11:25:49  added recovery 1 /home/dong/rising/QT/test.md 某杰

# 阿萨德

阿萨德

 (16)
INFO 2021/7/29上午11:25:49  synced recovery
INFO 2021/7/29上午11:25:50  added recovery 1 /home/dong/rising/QT/test.md 某杰

# 阿萨德

阿萨德

啊 (17)
INFO 2021/7/29上午11:25:50  synced recovery
INFO 2021/7/29上午11:25:51  added recovery 1 /home/dong/rising/QT/test.md 某杰

# 阿萨德

阿萨德

啊d (18)
INFO 2021/7/29上午11:25:51  synced recovery
INFO 2021/7/29上午11:25:51  added recovery 1 /home/dong/rising/QT/test.md 某杰

# 阿萨德

阿萨德 (14)
INFO 2021/7/29上午11:25:51  synced recovery
INFO 2021/7/29上午11:25:51  added recovery 1 /home/dong/rising/QT/test.md 某杰

# 阿萨德

阿萨 (13)
INFO 2021/7/29上午11:25:51  synced recovery
INFO 2021/7/29上午11:25:52  added recovery 1 /home/dong/rising/QT/test.md 某杰

# 阿萨德 (9)
INFO 2021/7/29上午11:25:52  synced recovery
INFO 2021/7/29上午11:25:52  added recovery 1 /home/dong/rising/QT/test.md 某杰

# 阿萨 (8)
INFO 2021/7/29上午11:25:52  synced recovery
INFO 2021/7/29上午11:25:52  added recovery 1 /home/dong/rising/QT/test.md 某杰

 (4)
INFO 2021/7/29上午11:25:52  synced recovery
INFO 2021/7/29上午11:25:52  added recovery 1 /home/dong/rising/QT/test.md 某杰 (2)
INFO 2021/7/29上午11:25:52  synced recovery
INFO 2021/7/29上午11:25:52  added recovery 1 /home/dong/rising/QT/test.md 某 (1)
INFO 2021/7/29上午11:25:52  synced recovery
INFO 2021/7/29上午11:45:55  [blur] 1
INFO 2021/7/29上午11:45:55  [win] blur
INFO 2021/7/29上午11:56:55  [focus] 1
INFO 2021/7/29上午11:56:55  [blur] 1
INFO 2021/7/29上午11:56:55  [win] blur
INFO 2021/7/29上午11:56:55  [focus] 1
INFO 2021/7/29上午11:56:57  [blur] 1
INFO 2021/7/29上午11:56:57  [win] blur
INFO 2021/7/29下午12:09:33  [focus] 1
INFO 2021/7/29下午12:09:36  [blur] 1
INFO 2021/7/29下午12:09:36  [win] blur
INFO 2021/7/29下午12:09:39  [focus] 1
INFO 2021/7/29下午12:09:41  [blur] 1
INFO 2021/7/29下午12:09:41  [win] blur
INFO 2021/7/29下午1:20:17  [focus] 1
INFO 2021/7/29下午1:20:18  [blur] 1
INFO 2021/7/29下午1:20:18  [win] blur
INFO 2021/7/29下午1:20:20  [focus] 1
INFO 2021/7/29下午1:21:06  [blur] 1
INFO 2021/7/29下午1:21:06  [win] blur
INFO 2021/7/29下午2:41:44  [focus] 1
INFO 2021/7/29下午2:41:45  [blur] 1
INFO 2021/7/29下午2:41:45  [win] blur
INFO 2021/7/29下午2:54:04  [focus] 1
INFO 2021/7/29下午2:54:06  [blur] 1
INFO 2021/7/29下午2:54:06  [win] blur
INFO 2021/7/29下午2:54:31  [focus] 1
INFO 2021/7/29下午2:54:31  [blur] 1
INFO 2021/7/29下午2:54:31  [win] blur
INFO 2021/7/29下午2:56:00  [focus] 1
INFO 2021/7/29下午2:56:01  [blur] 1
INFO 2021/7/29下午2:56:01  [win] blur
INFO 2021/7/29下午2:56:03  [focus] 1
INFO 2021/7/29下午2:56:03  [blur] 1
INFO 2021/7/29下午2:56:03  [win] blur
INFO 2021/7/29下午3:04:17  [focus] 1
INFO 2021/7/29下午3:04:20  [blur] 1
INFO 2021/7/29下午3:04:20  [win] blur
INFO 2021/7/29下午3:04:25  [focus] 1
INFO 2021/7/29下午3:04:26  [blur] 1
INFO 2021/7/29下午3:04:26  [win] blur
INFO 2021/7/29下午3:09:10  [focus] 1
INFO 2021/7/29下午3:09:10  added recovery 1 /home/dong/rising/QT/test.md 3 (1)
INFO 2021/7/29下午3:09:10  synced recovery
INFO 2021/7/29下午3:09:12  added recovery 1 /home/dong/rising/QT/test.md  (0)
INFO 2021/7/29下午3:09:12  synced recovery
INFO 2021/7/29下午3:09:13  [blur] 1
INFO 2021/7/29下午3:09:13  [win] blur
INFO 2021/7/29下午3:14:04  [focus] 1
INFO 2021/7/29下午3:14:04  [blur] 1
INFO 2021/7/29下午3:14:04  [win] blur
INFO 2021/7/29下午3:15:22  [focus] 1
INFO 2021/7/29下午3:15:22  [blur] 1
INFO 2021/7/29下午3:15:22  [win] blur
INFO 2021/7/29下午3:22:15  [focus] 1
INFO 2021/7/29下午3:28:06  [blur] 1
INFO 2021/7/29下午3:28:06  [win] blur
INFO 2021/7/29下午3:35:57  [focus] 1
INFO 2021/7/29下午3:35:58  [blur] 1
INFO 2021/7/29下午3:35:58  [win] blur
INFO 2021/7/29下午3:46:22  [focus] 1
INFO 2021/7/29下午3:46:23  [blur] 1
INFO 2021/7/29下午3:46:23  [win] blur
INFO 2021/7/29下午3:48:19  [focus] 1
INFO 2021/7/29下午3:48:20  [blur] 1
INFO 2021/7/29下午3:48:20  [win] blur
INFO 2021/7/29下午3:48:39  [focus] 1
INFO 2021/7/29下午3:48:40  [blur] 1
INFO 2021/7/29下午3:48:40  [win] blur
INFO 2021/7/29下午3:48:41  [focus] 1
INFO 2021/7/29下午3:48:41  [blur] 1
INFO 2021/7/29下午3:48:41  [win] blur
INFO 2021/7/29下午3:48:43  [focus] 1
INFO 2021/7/29下午3:48:44  [blur] 1
INFO 2021/7/29下午3:48:44  [win] blur
INFO 2021/7/29下午3:54:19  [focus] 1
INFO 2021/7/29下午3:54:19  [blur] 1
INFO 2021/7/29下午3:54:19  [win] blur
INFO 2021/7/29下午3:56:41  [focus] 1
INFO 2021/7/29下午3:56:42  [blur] 1
INFO 2021/7/29下午3:56:42  [win] blur
INFO 2021/7/29下午4:03:07  [focus] 1
INFO 2021/7/29下午4:03:09  [blur] 1
INFO 2021/7/29下午4:03:09  [win] blur
INFO 2021/7/29下午4:04:36  [focus] 1
INFO 2021/7/29下午4:04:36  [blur] 1
INFO 2021/7/29下午4:04:36  [win] blur
INFO 2021/7/29下午4:04:41  [focus] 1
INFO 2021/7/29下午4:04:44  added recovery 1 /home/dong/rising/QT/test.md null (0)
INFO 2021/7/29下午4:04:44  synced recovery
INFO 2021/7/29下午4:04:44  synced recovery
INFO 2021/7/29下午4:04:44  ----------------before-quit-----------------
INFO 2021/7/29下午4:04:44  ------------------will-quit------------------
INFO 2021/7/29下午4:04:44  -----------------quit------------------
INFO 2021/7/29下午4:04:44  closeLogging
INFO 7/30/2021, 3:31:01 PM  ------------------start------------------
INFO 7/30/2021, 3:31:02 PM  typora version: 0.11.1
INFO 7/30/2021, 3:31:02 PM  [Raven] instanceKey = 698b8140-de36-4226-9712-6186f376312a
INFO 7/30/2021, 3:31:02 PM  [Raven] userId = 2867a5b0-9068-4947-b21f-f57e3f55e5fb
INFO 7/30/2021, 3:31:03 PM  added recovery 1 null undefined (0)
INFO 7/30/2021, 3:31:03 PM  [focus] 1
INFO 7/30/2021, 3:31:04 PM  synced recovery
INFO 7/30/2021, 3:31:07 PM  handle document.loadInitData
INFO 7/30/2021, 3:31:07 PM  added recovery 1 undefined undefined (0)
INFO 7/30/2021, 3:31:07 PM  synced recovery
INFO 7/30/2021, 3:31:07 PM  [blur] 1
INFO 7/30/2021, 3:31:07 PM  [win] blur
INFO 7/30/2021, 3:31:08 PM  [focus] 1
INFO 7/30/2021, 3:31:08 PM  [blur] 1
INFO 7/30/2021, 3:31:08 PM  [win] blur
INFO 7/30/2021, 3:31:15 PM  [focus] 1
INFO 7/30/2021, 3:31:24 PM  [blur] 1
INFO 7/30/2021, 3:31:24 PM  [win] blur
INFO 7/30/2021, 3:31:24 PM  [focus] 1
INFO 7/30/2021, 3:31:24 PM  [blur] 1
INFO 7/30/2021, 3:31:24 PM  [win] blur
INFO 7/30/2021, 3:31:25 PM  [focus] 1
INFO 7/30/2021, 3:31:31 PM  [blur] 1
INFO 7/30/2021, 3:31:31 PM  [win] blur
INFO 7/30/2021, 3:32:23 PM  [focus] 1
INFO 7/30/2021, 3:32:24 PM  [blur] 1
INFO 7/30/2021, 3:32:24 PM  [win] blur
INFO 7/30/2021, 3:32:25 PM  [focus] 1
INFO 7/30/2021, 3:32:25 PM  [blur] 1
INFO 7/30/2021, 3:32:25 PM  [win] blur
INFO 7/30/2021, 3:32:26 PM  [focus] 1
INFO 7/30/2021, 3:32:27 PM  [blur] 1
INFO 7/30/2021, 3:32:27 PM  [win] blur
INFO 7/30/2021, 3:46:53 PM  [focus] 1
INFO 7/30/2021, 3:46:55 PM  [blur] 1
INFO 7/30/2021, 3:46:55 PM  [win] blur
INFO 7/30/2021, 3:49:30 PM  [focus] 1
INFO 7/30/2021, 3:49:31 PM  [blur] 1
INFO 7/30/2021, 3:49:31 PM  [win] blur
INFO 7/30/2021, 3:49:53 PM  [focus] 1
INFO 7/30/2021, 3:49:54 PM  added recovery 1 undefined ` (1)
INFO 7/30/2021, 3:49:54 PM  synced recovery
INFO 7/30/2021, 3:49:55 PM  added recovery 1 undefined  (0)
INFO 7/30/2021, 3:49:55 PM  synced recovery
INFO 7/30/2021, 3:49:56 PM  [blur] 1
INFO 7/30/2021, 3:49:56 PM  [win] blur
INFO 7/30/2021, 3:49:57 PM  [focus] 1
INFO 7/30/2021, 3:50:00 PM  [blur] 1
INFO 7/30/2021, 3:50:00 PM  [win] blur
INFO 7/30/2021, 3:50:56 PM  [focus] 1
INFO 7/30/2021, 3:50:57 PM  added recovery 1 undefined "The [QFile](qfi...iting to files." (90)
INFO 7/30/2021, 3:50:57 PM  synced recovery
INFO 7/30/2021, 3:51:03 PM  added recovery 1 undefined "

The [QFile](q...iting to files." (92)
INFO 7/30/2021, 3:51:03 PM  synced recovery
INFO 7/30/2021, 3:51:04 PM  [blur] 1
INFO 7/30/2021, 3:51:04 PM  [win] blur
INFO 7/30/2021, 3:51:05 PM  [focus] 1
INFO 7/30/2021, 3:51:05 PM  [blur] 1
INFO 7/30/2021, 3:51:05 PM  [win] blur
INFO 7/30/2021, 3:51:05 PM  [focus] 1
INFO 7/30/2021, 3:51:13 PM  added recovery 1 undefined "# 

The [QFile]...iting to files." (94)
INFO 7/30/2021, 3:51:13 PM  synced recovery
INFO 7/30/2021, 3:51:16 PM  added recovery 1 undefined "# Q

The [QFile...iting to files." (95)
INFO 7/30/2021, 3:51:16 PM  synced recovery
INFO 7/30/2021, 3:51:20 PM  added recovery 1 undefined "# QFi

The [QFi...iting to files." (97)
INFO 7/30/2021, 3:51:20 PM  synced recovery
INFO 7/30/2021, 3:51:22 PM  [blur] 1
INFO 7/30/2021, 3:51:22 PM  [win] blur
INFO 7/30/2021, 3:52:33 PM  [focus] 1
INFO 7/30/2021, 3:52:36 PM  added recovery 1 undefined "# Q

The [QFile...iting to files." (95)
INFO 7/30/2021, 3:52:36 PM  synced recovery
INFO 7/30/2021, 3:52:41 PM  added recovery 1 undefined "# QFile g

The ...iting to files." (101)
INFO 7/30/2021, 3:52:41 PM  synced recovery
INFO 7/30/2021, 3:52:44 PM  [blur] 1
INFO 7/30/2021, 3:52:44 PM  [win] blur
INFO 7/30/2021, 3:52:50 PM  [focus] 1
INFO 7/30/2021, 3:52:51 PM  added recovery 1 undefined "# QFile ss

The...iting to files." (102)
INFO 7/30/2021, 3:52:51 PM  synced recovery
INFO 7/30/2021, 3:52:52 PM  added recovery 1 undefined "# QFile qss

Th...iting to files." (103)
INFO 7/30/2021, 3:52:52 PM  synced recovery
INFO 7/30/2021, 3:52:55 PM  added recovery 1 undefined "# QFile qss

Th...ing to files.

" (105)
INFO 7/30/2021, 3:52:55 PM  synced recovery
INFO 7/30/2021, 3:52:55 PM  added recovery 1 undefined "# QFile qss

Th...              |" (197)
INFO 7/30/2021, 3:52:55 PM  synced recovery
INFO 7/30/2021, 3:52:59 PM  added recovery 1 undefined "# QFile qss

Th...ing to files.

" (105)
INFO 7/30/2021, 3:52:59 PM  synced recovery
INFO 7/30/2021, 3:53:06 PM  added recovery 1 undefined "# QFile qss

Th...ng to files.

a" (106)
INFO 7/30/2021, 3:53:06 PM  synced recovery
INFO 7/30/2021, 3:53:07 PM  added recovery 1 undefined "# QFile qss

Th...ing to files.

" (105)
INFO 7/30/2021, 3:53:07 PM  synced recovery
INFO 7/30/2021, 3:53:07 PM  [blur] 1
INFO 7/30/2021, 3:53:07 PM  [win] blur
INFO 7/30/2021, 3:53:26 PM  [focus] 1
INFO 7/30/2021, 3:53:27 PM  added recovery 1 undefined "# QFile qss

Th...+= core       |" (197)
INFO 7/30/2021, 3:53:27 PM  synced recovery
INFO 7/30/2021, 3:53:29 PM  added recovery 1 undefined "# QFile qss

Th...+= core       |" (197)
INFO 7/30/2021, 3:53:29 PM  synced recovery
INFO 7/30/2021, 3:53:30 PM  added recovery 1 undefined "# QFile qss

Th...+= core       |" (197)
INFO 7/30/2021, 3:53:30 PM  synced recovery
INFO 7/30/2021, 3:53:35 PM  added recovery 1 undefined "# QFile qss

Th...iting to files." (103)
INFO 7/30/2021, 3:53:35 PM  synced recovery
INFO 7/30/2021, 3:53:44 PM  added recovery 1 undefined "# QFile qss

Th...iting to files." (103)
INFO 7/30/2021, 3:53:44 PM  synced recovery
INFO 7/30/2021, 3:53:46 PM  added recovery 1 undefined "# QFile qss

Th...ing to files.

" (105)
INFO 7/30/2021, 3:53:46 PM  synced recovery
INFO 7/30/2021, 3:53:46 PM  added recovery 1 undefined "# QFile qss

Th...+= core       |" (197)
INFO 7/30/2021, 3:53:46 PM  synced recovery
INFO 7/30/2021, 3:53:47 PM  added recovery 1 undefined "# QFile qss

Th...+= core       |" (197)
INFO 7/30/2021, 3:53:47 PM  synced recovery
INFO 7/30/2021, 3:53:52 PM  [blur] 1
INFO 7/30/2021, 3:53:52 PM  [win] blur
INFO 7/30/2021, 3:54:43 PM  [focus] 1
INFO 7/30/2021, 3:54:44 PM  added recovery 1 undefined "# QFile qss

Th...              |" (597)
INFO 7/30/2021, 3:54:44 PM  synced recovery
INFO 7/30/2021, 3:54:45 PM  added recovery 1 undefined "# QFile qss

Th...              |" (597)
INFO 7/30/2021, 3:54:45 PM  synced recovery
INFO 7/30/2021, 3:54:58 PM  [blur] 1
INFO 7/30/2021, 3:54:58 PM  [win] blur
INFO 7/30/2021, 4:03:50 PM  [focus] 1
INFO 7/30/2021, 4:04:01 PM  [blur] 1
INFO 7/30/2021, 4:04:01 PM  [win] blur
INFO 7/30/2021, 4:06:04 PM  [focus] 1
INFO 7/30/2021, 4:06:15 PM  [blur] 1
INFO 7/30/2021, 4:06:15 PM  [win] blur
INFO 7/30/2021, 4:06:59 PM  [focus] 1
INFO 7/30/2021, 4:07:00 PM  [blur] 1
INFO 7/30/2021, 4:07:00 PM  [win] blur
INFO 7/30/2021, 4:07:01 PM  [focus] 1
INFO 7/30/2021, 4:07:04 PM  added recovery 1 undefined "# QFile qs

The...            |

" (598)
INFO 7/30/2021, 4:07:04 PM  synced recovery
INFO 7/30/2021, 4:07:05 PM  [blur] 1
INFO 7/30/2021, 4:07:05 PM  [win] blur
INFO 7/30/2021, 4:09:01 PM  [focus] 1
INFO 7/30/2021, 4:09:03 PM  [blur] 1
INFO 7/30/2021, 4:09:03 PM  [win] blur
INFO 7/30/2021, 5:08:01 PM  [focus] 1
INFO 7/30/2021, 5:08:02 PM  [blur] 1
INFO 7/30/2021, 5:08:02 PM  [win] blur
INFO 7/30/2021, 5:17:01 PM  [focus] 1
INFO 7/30/2021, 5:17:02 PM  [blur] 1
INFO 7/30/2021, 5:17:02 PM  [win] blur
INFO 7/30/2021, 5:18:12 PM  [focus] 1
INFO 7/30/2021, 5:18:13 PM  [blur] 1
INFO 7/30/2021, 5:18:13 PM  [win] blur
INFO 7/30/2021, 5:25:59 PM  [focus] 1
INFO 7/30/2021, 5:25:59 PM  [blur] 1
INFO 7/30/2021, 5:25:59 PM  [win] blur
INFO 7/30/2021, 5:43:59 PM  [focus] 1
INFO 7/30/2021, 5:44:01 PM  [blur] 1
INFO 7/30/2021, 5:44:01 PM  [win] blur
INFO 7/30/2021, 5:44:01 PM  [focus] 1
INFO 7/30/2021, 5:44:03 PM  [blur] 1
INFO 7/30/2021, 5:44:03 PM  [win] blur
INFO 7/30/2021, 5:44:03 PM  [focus] 1
INFO 7/30/2021, 5:44:05 PM  [blur] 1
INFO 7/30/2021, 5:44:05 PM  [win] blur
INFO 7/30/2021, 5:44:05 PM  [focus] 1
INFO 7/30/2021, 5:44:19 PM  [blur] 1
INFO 7/30/2021, 5:44:19 PM  [win] blur
INFO 7/30/2021, 5:44:30 PM  [focus] 1
INFO 7/30/2021, 5:44:30 PM  [blur] 1
INFO 7/30/2021, 5:44:30 PM  [win] blur
INFO 7/30/2021, 5:44:30 PM  [focus] 1
INFO 7/30/2021, 5:44:30 PM  [blur] 1
INFO 7/30/2021, 5:44:30 PM  [win] blur
INFO 7/30/2021, 5:44:30 PM  [focus] 1
INFO 7/30/2021, 5:44:30 PM  addRecentDocument
INFO 7/30/2021, 5:44:30 PM  added recovery 1 /home/dong/rising/QT/test.md null (0)
INFO 7/30/2021, 5:44:30 PM  synced recovery
INFO 7/30/2021, 5:44:34 PM  [blur] 1
INFO 7/30/2021, 5:44:34 PM  [win] blur
INFO 7/30/2021, 5:44:34 PM  [focus] 1
INFO 7/30/2021, 5:44:39 PM  added recovery 1 /home/dong/rising/QT/test.md null (0)
INFO 7/30/2021, 5:44:39 PM  synced recovery
INFO 7/30/2021, 5:44:41 PM  synced recovery
INFO 7/30/2021, 5:44:41 PM  ----------------before-quit-----------------
INFO 7/30/2021, 5:44:41 PM  ------------------will-quit------------------
INFO 7/30/2021, 5:44:41 PM  -----------------quit------------------
INFO 7/30/2021, 5:44:41 PM  closeLogging
INFO 8/26/2021, 1:35:53 PM  luanchFromDiffVersion, pre version is 0.11.1
INFO 8/26/2021, 1:35:54 PM  cleanupOlderCache
INFO 8/26/2021, 1:35:54 PM  [Raven] instanceKey = 8034f3c2-3b49-4d5a-8c7a-bbcadcc8cb29
INFO 8/26/2021, 1:35:54 PM  [Raven] userId = 2867a5b0-9068-4947-b21f-f57e3f55e5fb
INFO 8/26/2021, 1:35:54 PM  overwriteThemeFolder
INFO 8/26/2021, 1:35:54 PM  ------------------start------------------
INFO 8/26/2021, 1:35:54 PM  typora version: 0.11.5
INFO 8/26/2021, 1:35:55 PM  addRecentDocument
INFO 8/26/2021, 1:35:56 PM  added recovery 1 /home/dong/.config/nvim/plugged/nerdtree/README.markdown undefined (0)
INFO 8/26/2021, 1:35:56 PM  [focus] 1
INFO 8/26/2021, 1:35:56 PM  putAccelerator File -> &File
INFO 8/26/2021, 1:35:56 PM  putAccelerator Edit -> &Edit
INFO 8/26/2021, 1:35:56 PM  putAccelerator Paragraph -> &Paragraph
INFO 8/26/2021, 1:35:56 PM  putAccelerator Format -> F&ormat
INFO 8/26/2021, 1:35:56 PM  putAccelerator View -> &View
INFO 8/26/2021, 1:35:56 PM  putAccelerator Themes -> &Themes
INFO 8/26/2021, 1:35:56 PM  putAccelerator Help -> &Help
INFO 8/26/2021, 1:35:56 PM  synced recovery
INFO 8/26/2021, 1:35:59 PM  handle document.loadInitData
INFO 8/26/2021, 1:36:00 PM  added recovery 1 /home/dong/.config/nvim/plugged/nerdtree/README.markdown undefined (0)
INFO 8/26/2021, 1:36:00 PM  synced recovery
INFO 8/26/2021, 1:36:04 PM  added recovery 1 /home/dong/.config/nvim/plugged/nerdtree/README.markdown "# The NERDTree ...more details.j
" (8667)
INFO 8/26/2021, 1:36:04 PM  synced recovery
INFO 8/26/2021, 1:36:07 PM  added recovery 1 /home/dong/.config/nvim/plugged/nerdtree/README.markdown "# The NERDTree ....jkkkkkkkkkkku
" (8679)
INFO 8/26/2021, 1:36:07 PM  synced recovery
INFO 8/26/2021, 1:36:08 PM  added recovery 1 /home/dong/.config/nvim/plugged/nerdtree/README.markdown "# The NERDTree ...s.jkkkkkkkkkkk
" (8678)
INFO 8/26/2021, 1:36:08 PM  synced recovery
INFO 8/26/2021, 1:36:54 PM  synced recovery
INFO 8/26/2021, 1:36:54 PM  ----------------before-quit-----------------
INFO 8/26/2021, 1:36:54 PM  ------------------will-quit------------------
INFO 8/26/2021, 1:36:54 PM  -----------------quit------------------
INFO 8/26/2021, 1:36:54 PM  closeLogging
INFO 9/23/2021, 4:55:13 PM  luanchFromDiffVersion, pre version is 0.11.5
INFO 9/23/2021, 4:55:13 PM  overwriteThemeFolder
INFO 9/23/2021, 4:55:14 PM  ------------------start------------------
INFO 9/23/2021, 4:55:14 PM  typora version: 0.11.7
INFO 9/23/2021, 4:55:14 PM  addRecentDocument
INFO 9/23/2021, 4:55:15 PM  added recovery 1 /home/dong/mygithub/hyper/README.md undefined (0)
INFO 9/23/2021, 4:55:15 PM  [Raven] instanceKey = 5e58496a-f33d-4e4a-bdb1-27bc2aeae158
INFO 9/23/2021, 4:55:15 PM  [Raven] userId = 2867a5b0-9068-4947-b21f-f57e3f55e5fb
INFO 9/23/2021, 4:55:15 PM  [focus] 1
INFO 9/23/2021, 4:55:15 PM  synced recovery
INFO 9/23/2021, 4:55:19 PM  handle document.loadInitData
INFO 9/23/2021, 4:55:20 PM  added recovery 1 /home/dong/mygithub/hyper/README.md undefined (0)
INFO 9/23/2021, 4:55:20 PM  synced recovery
INFO 9/23/2021, 4:55:42 PM  [blur] 1
INFO 9/23/2021, 4:55:42 PM  [win] blur
INFO 9/23/2021, 4:55:43 PM  [focus] 1
INFO 9/23/2021, 4:56:16 PM  [blur] 1
INFO 9/23/2021, 4:56:16 PM  [win] blur
INFO 9/23/2021, 4:56:25 PM  [focus] 1
INFO 9/23/2021, 4:56:29 PM  [blur] 1
INFO 9/23/2021, 4:56:29 PM  [win] blur
INFO 9/23/2021, 4:56:33 PM  [focus] 1
INFO 9/23/2021, 4:57:27 PM  [blur] 1
INFO 9/23/2021, 4:57:27 PM  [win] blur
INFO 9/23/2021, 4:57:27 PM  [focus] 1
INFO 9/23/2021, 4:57:52 PM  [blur] 1
INFO 9/23/2021, 4:57:52 PM  [win] blur
INFO 9/23/2021, 4:58:00 PM  [focus] 1
INFO 9/23/2021, 4:58:39 PM  [blur] 1
INFO 9/23/2021, 4:58:39 PM  [win] blur
INFO 9/23/2021, 5:00:45 PM  [focus] 1
INFO 9/23/2021, 5:01:43 PM  [blur] 1
INFO 9/23/2021, 5:01:43 PM  [win] blur
INFO 9/23/2021, 5:01:49 PM  [focus] 1
INFO 9/23/2021, 5:01:50 PM  [blur] 1
INFO 9/23/2021, 5:01:50 PM  [win] blur
INFO 9/23/2021, 5:02:32 PM  [focus] 1
INFO 9/23/2021, 5:02:51 PM  synced recovery
INFO 9/23/2021, 5:02:51 PM  ----------------before-quit-----------------
INFO 9/23/2021, 5:02:51 PM  ------------------will-quit------------------
INFO 9/23/2021, 5:02:51 PM  -----------------quit------------------
INFO 9/23/2021, 5:02:51 PM  closeLogging
INFO 9/23/2021, 5:16:24 PM  ------------------start------------------
INFO 9/23/2021, 5:16:24 PM  typora version: 0.11.7
INFO 9/23/2021, 5:16:24 PM  addRecentDocument
INFO 9/23/2021, 5:16:24 PM  added recovery 1 /home/dong/mygithub/tqsdk-python/README.md undefined (0)
INFO 9/23/2021, 5:16:24 PM  [Raven] instanceKey = 6ddddc5e-3cbd-4d62-836e-1c8018c67f75
INFO 9/23/2021, 5:16:24 PM  [Raven] userId = 2867a5b0-9068-4947-b21f-f57e3f55e5fb
INFO 9/23/2021, 5:16:24 PM  [focus] 1
INFO 9/23/2021, 5:16:24 PM  synced recovery
INFO 9/23/2021, 5:16:25 PM  handle document.loadInitData
INFO 9/23/2021, 5:16:26 PM  added recovery 1 /home/dong/mygithub/tqsdk-python/README.md undefined (0)
INFO 9/23/2021, 5:16:26 PM  synced recovery
INFO 9/23/2021, 5:16:29 PM  synced recovery
INFO 9/23/2021, 5:16:29 PM  ----------------before-quit-----------------
INFO 9/23/2021, 5:16:29 PM  ------------------will-quit------------------
INFO 9/23/2021, 5:16:29 PM  -----------------quit------------------
INFO 9/23/2021, 5:16:29 PM  closeLogging
INFO 9/23/2021, 5:16:49 PM  ------------------start------------------
INFO 9/23/2021, 5:16:49 PM  typora version: 0.11.7
INFO 9/23/2021, 5:16:49 PM  addRecentDocument
INFO 9/23/2021, 5:16:49 PM  added recovery 1 /home/dong/mygithub/acwj/Readme.md undefined (0)
INFO 9/23/2021, 5:16:49 PM  [Raven] instanceKey = 6fb0e93c-c543-49f9-ae0f-74a9d1142e7f
INFO 9/23/2021, 5:16:49 PM  [Raven] userId = 2867a5b0-9068-4947-b21f-f57e3f55e5fb
INFO 9/23/2021, 5:16:49 PM  [focus] 1
INFO 9/23/2021, 5:16:49 PM  synced recovery
INFO 9/23/2021, 5:16:50 PM  handle document.loadInitData
INFO 9/23/2021, 5:16:51 PM  added recovery 1 /home/dong/mygithub/acwj/Readme.md undefined (0)
INFO 9/23/2021, 5:16:51 PM  synced recovery
INFO 9/23/2021, 5:16:54 PM  synced recovery
INFO 9/23/2021, 5:16:54 PM  ----------------before-quit-----------------
INFO 9/23/2021, 5:16:54 PM  ------------------will-quit------------------
INFO 9/23/2021, 5:16:54 PM  -----------------quit------------------
INFO 9/23/2021, 5:16:54 PM  closeLogging
INFO 9/23/2021, 5:17:19 PM  ------------------start------------------
INFO 9/23/2021, 5:17:19 PM  typora version: 0.11.7
INFO 9/23/2021, 5:17:19 PM  addRecentDocument
INFO 9/23/2021, 5:17:19 PM  added recovery 1 /home/dong/mygithub/vardbg/README.md undefined (0)
INFO 9/23/2021, 5:17:19 PM  [Raven] instanceKey = a2348ca1-b4d4-40df-984a-3aa906c5e567
INFO 9/23/2021, 5:17:19 PM  [Raven] userId = 2867a5b0-9068-4947-b21f-f57e3f55e5fb
INFO 9/23/2021, 5:17:19 PM  [focus] 1
INFO 9/23/2021, 5:17:19 PM  synced recovery
INFO 9/23/2021, 5:17:20 PM  handle document.loadInitData
INFO 9/23/2021, 5:17:21 PM  added recovery 1 /home/dong/mygithub/vardbg/README.md undefined (0)
INFO 9/23/2021, 5:17:21 PM  synced recovery
INFO 9/23/2021, 5:17:34 PM  synced recovery
INFO 9/23/2021, 5:19:14 PM  ------------------start------------------
INFO 9/23/2021, 5:19:14 PM  typora version: 0.11.7
INFO 9/23/2021, 5:19:14 PM  addRecentDocument
INFO 9/23/2021, 5:19:14 PM  added recovery 1 /home/dong/mygithub/magic-wormhole/README.md undefined (0)
INFO 9/23/2021, 5:19:14 PM  [Raven] instanceKey = 5255d003-e767-44f9-b55c-058ceadf1850
INFO 9/23/2021, 5:19:14 PM  [Raven] userId = 2867a5b0-9068-4947-b21f-f57e3f55e5fb
INFO 9/23/2021, 5:19:14 PM  [focus] 1
INFO 9/23/2021, 5:19:14 PM  synced recovery
INFO 9/23/2021, 5:19:15 PM  handle document.loadInitData
INFO 9/23/2021, 5:19:15 PM  added recovery 1 /home/dong/mygithub/magic-wormhole/README.md undefined (0)
INFO 9/23/2021, 5:19:15 PM  synced recovery
INFO 9/23/2021, 5:20:22 PM  File.option.noHintForOpenLink=true;
INFO 9/23/2021, 5:21:41 PM  [blur] 1
INFO 9/23/2021, 5:21:41 PM  [win] blur
INFO 9/23/2021, 5:22:25 PM  [focus] 1
INFO 9/23/2021, 5:23:14 PM  [blur] 1
INFO 9/23/2021, 5:23:14 PM  [win] blur
INFO 9/23/2021, 5:23:37 PM  [focus] 1
INFO 9/23/2021, 5:23:49 PM  [blur] 1
INFO 9/23/2021, 5:23:49 PM  [win] blur
INFO 9/23/2021, 5:23:54 PM  [focus] 1
INFO 9/23/2021, 5:24:05 PM  [blur] 1
INFO 9/23/2021, 5:24:05 PM  [win] blur
INFO 9/23/2021, 5:24:11 PM  [focus] 1
INFO 9/23/2021, 5:29:30 PM  [blur] 1
INFO 9/23/2021, 5:29:30 PM  [win] blur
INFO 9/23/2021, 5:29:31 PM  [focus] 1
INFO 9/23/2021, 5:29:48 PM  [blur] 1
INFO 9/23/2021, 5:29:48 PM  [win] blur
INFO 9/23/2021, 5:29:58 PM  [focus] 1
INFO 9/23/2021, 5:30:04 PM  [blur] 1
INFO 9/23/2021, 5:30:04 PM  [win] blur
INFO 9/23/2021, 5:30:06 PM  [focus] 1
INFO 9/23/2021, 5:30:18 PM  [blur] 1
INFO 9/23/2021, 5:30:18 PM  [win] blur
INFO 9/23/2021, 5:31:54 PM  [focus] 1
INFO 9/23/2021, 5:32:56 PM  synced recovery
INFO 9/24/2021, 1:41:12 PM  ------------------start------------------
INFO 9/24/2021, 1:41:13 PM  typora version: 0.11.7
INFO 9/24/2021, 1:41:13 PM  addRecentDocument
INFO 9/24/2021, 1:41:14 PM  added recovery 1 /home/dong/mygithub/qutebrowser/README.asciidoc undefined (0)
INFO 9/24/2021, 1:41:14 PM  [Raven] instanceKey = da4a0581-4d8e-44e4-a923-9c85b29ff3b1
INFO 9/24/2021, 1:41:14 PM  [Raven] userId = 2867a5b0-9068-4947-b21f-f57e3f55e5fb
INFO 9/24/2021, 1:41:15 PM  [focus] 1
INFO 9/24/2021, 1:41:15 PM  synced recovery
INFO 9/24/2021, 1:41:18 PM  handle document.loadInitData
INFO 9/24/2021, 1:41:19 PM  added recovery 1 /home/dong/mygithub/qutebrowser/README.asciidoc undefined (0)
INFO 9/24/2021, 1:41:19 PM  synced recovery
INFO 9/24/2021, 1:41:23 PM  synced recovery
INFO 9/24/2021, 1:41:23 PM  ----------------before-quit-----------------
INFO 9/24/2021, 1:41:23 PM  ------------------will-quit------------------
INFO 9/24/2021, 1:41:23 PM  -----------------quit------------------
INFO 9/24/2021, 1:41:23 PM  closeLogging
INFO 10/8/2021, 4:11:20 PM  ------------------start------------------
INFO 10/8/2021, 4:11:21 PM  typora version: 0.11.7
INFO 10/8/2021, 4:11:21 PM  addRecentDocument
INFO 10/8/2021, 4:11:22 PM  added recovery 1 /home/dong/mygithub/myclone/magic-wormhole/README.md undefined (0)
INFO 10/8/2021, 4:11:22 PM  [Raven] instanceKey = 06e72d6e-434f-4b08-a5de-507dc005cef4
INFO 10/8/2021, 4:11:22 PM  [Raven] userId = 2867a5b0-9068-4947-b21f-f57e3f55e5fb
INFO 10/8/2021, 4:11:23 PM  [focus] 1
INFO 10/8/2021, 4:11:23 PM  synced recovery
INFO 10/8/2021, 4:11:26 PM  handle document.loadInitData
INFO 10/8/2021, 4:11:26 PM  added recovery 1 /home/dong/mygithub/myclone/magic-wormhole/README.md undefined (0)
INFO 10/8/2021, 4:11:26 PM  synced recovery
INFO 10/8/2021, 4:11:37 PM  [blur] 1
INFO 10/8/2021, 4:11:37 PM  [win] blur
INFO 10/8/2021, 4:11:38 PM  [focus] 1
INFO 10/8/2021, 4:12:42 PM  [blur] 1
INFO 10/8/2021, 4:12:42 PM  [win] blur
INFO 10/8/2021, 4:12:50 PM  [focus] 1
INFO 10/8/2021, 4:12:56 PM  [blur] 1
INFO 10/8/2021, 4:12:56 PM  [win] blur
INFO 10/8/2021, 4:15:29 PM  [focus] 1
INFO 10/8/2021, 4:17:57 PM  [blur] 1
INFO 10/8/2021, 4:17:57 PM  [win] blur
INFO 10/8/2021, 4:18:08 PM  [focus] 1
INFO 10/8/2021, 4:19:55 PM  [blur] 1
INFO 10/8/2021, 4:19:55 PM  [win] blur
INFO 10/8/2021, 4:20:01 PM  [focus] 1
INFO 10/8/2021, 4:21:07 PM  added recovery 1 /home/dong/mygithub/myclone/magic-wormhole/README.md "# Magic Wormhol...installation).
" (2842)
INFO 10/8/2021, 4:21:07 PM  synced recovery
INFO 10/8/2021, 4:21:11 PM  added recovery 1 /home/dong/mygithub/myclone/magic-wormhole/README.md "# Magic Wormhol...installation).
" (2842)
INFO 10/8/2021, 4:21:11 PM  synced recovery
INFO 10/8/2021, 4:21:21 PM  synced recovery
INFO 10/8/2021, 4:21:21 PM  ----------------before-quit-----------------
INFO 10/8/2021, 4:21:21 PM  ------------------will-quit------------------
INFO 10/8/2021, 4:21:21 PM  -----------------quit------------------
INFO 10/8/2021, 4:21:21 PM  closeLogging
INFO 10/8/2021, 4:21:23 PM  ------------------start------------------
INFO 10/8/2021, 4:21:23 PM  typora version: 0.11.7
INFO 10/8/2021, 4:21:23 PM  addRecentDocument
INFO 10/8/2021, 4:21:23 PM  added recovery 1 /home/dong/mygithub/myclone/magic-wormhole/README.md undefined (0)
INFO 10/8/2021, 4:21:23 PM  [Raven] instanceKey = f06bc0ab-726d-4176-b055-8382ff35b694
INFO 10/8/2021, 4:21:23 PM  [Raven] userId = 2867a5b0-9068-4947-b21f-f57e3f55e5fb
INFO 10/8/2021, 4:21:23 PM  [focus] 1
INFO 10/8/2021, 4:21:23 PM  synced recovery
INFO 10/8/2021, 4:21:24 PM  handle document.loadInitData
INFO 10/8/2021, 4:21:25 PM  added recovery 1 /home/dong/mygithub/myclone/magic-wormhole/README.md undefined (0)
INFO 10/8/2021, 4:21:25 PM  synced recovery
INFO 10/8/2021, 4:21:27 PM  added recovery 1 /home/dong/mygithub/myclone/magic-wormhole/README.md "# Magic Wormhol...installation).
" (2853)
INFO 10/8/2021, 4:21:27 PM  synced recovery
INFO 10/8/2021, 4:30:04 PM  [blur] 1
INFO 10/8/2021, 4:30:04 PM  [win] blur
INFO 10/8/2021, 4:30:04 PM  [focus] 1
INFO 10/8/2021, 4:30:19 PM  [blur] 1
INFO 10/8/2021, 4:30:19 PM  [win] blur
INFO 10/8/2021, 4:30:20 PM  [focus] 1
INFO 10/8/2021, 4:35:24 PM  added recovery 1 /home/dong/mygithub/myclone/magic-wormhole/README.md "# Magic Wormhol...installation).
" (2854)
INFO 10/8/2021, 4:35:25 PM  synced recovery
INFO 10/8/2021, 4:35:28 PM  added recovery 1 /home/dong/mygithub/myclone/magic-wormhole/README.md "# Magic Wormhol...installation).
" (2854)
INFO 10/8/2021, 4:35:28 PM  synced recovery
INFO 10/8/2021, 4:35:30 PM  [blur] 1
INFO 10/8/2021, 4:35:30 PM  [win] blur
INFO 10/8/2021, 4:35:30 PM  [focus] 1
INFO 10/8/2021, 4:36:16 PM  [blur] 1
INFO 10/8/2021, 4:36:16 PM  [win] blur
INFO 10/8/2021, 4:36:26 PM  [focus] 1
INFO 10/8/2021, 4:36:28 PM  [blur] 1
INFO 10/8/2021, 4:36:28 PM  [win] blur
INFO 10/8/2021, 4:36:30 PM  [focus] 1
INFO 10/8/2021, 4:36:58 PM  [blur] 1
INFO 10/8/2021, 4:36:58 PM  [win] blur
INFO 10/8/2021, 4:37:04 PM  [focus] 1
INFO 10/8/2021, 4:37:05 PM  [blur] 1
INFO 10/8/2021, 4:37:05 PM  [win] blur
INFO 10/8/2021, 4:37:09 PM  [focus] 1
INFO 10/8/2021, 4:37:27 PM  [blur] 1
INFO 10/8/2021, 4:37:27 PM  [win] blur
INFO 10/8/2021, 4:37:35 PM  [focus] 1
INFO 10/8/2021, 4:37:37 PM  [blur] 1
INFO 10/8/2021, 4:37:37 PM  [win] blur
INFO 10/8/2021, 4:37:42 PM  [focus] 1
INFO 10/8/2021, 4:37:44 PM  [blur] 1
INFO 10/8/2021, 4:37:44 PM  [win] blur
INFO 10/8/2021, 4:37:45 PM  [focus] 1
INFO 10/8/2021, 4:37:54 PM  [blur] 1
INFO 10/8/2021, 4:37:54 PM  [win] blur
INFO 10/8/2021, 4:38:01 PM  [focus] 1
INFO 10/8/2021, 4:38:03 PM  [blur] 1
INFO 10/8/2021, 4:38:03 PM  [win] blur
INFO 10/8/2021, 4:38:03 PM  [focus] 1
INFO 10/8/2021, 4:38:05 PM  [blur] 1
INFO 10/8/2021, 4:38:05 PM  [win] blur
INFO 10/8/2021, 4:38:06 PM  [focus] 1
INFO 10/8/2021, 4:38:07 PM  [blur] 1
INFO 10/8/2021, 4:38:07 PM  [win] blur
INFO 10/8/2021, 4:38:11 PM  [focus] 1
INFO 10/8/2021, 4:38:35 PM  [blur] 1
INFO 10/8/2021, 4:38:35 PM  [win] blur
INFO 10/8/2021, 4:38:43 PM  [focus] 1
INFO 10/8/2021, 4:38:44 PM  [blur] 1
INFO 10/8/2021, 4:38:44 PM  [win] blur
INFO 10/8/2021, 4:38:45 PM  [focus] 1
INFO 10/8/2021, 4:38:46 PM  [blur] 1
INFO 10/8/2021, 4:38:46 PM  [win] blur
INFO 10/8/2021, 4:38:46 PM  [focus] 1
INFO 10/8/2021, 4:38:48 PM  [blur] 1
INFO 10/8/2021, 4:38:48 PM  [win] blur
INFO 10/8/2021, 4:38:49 PM  [focus] 1
INFO 10/8/2021, 4:38:53 PM  [blur] 1
INFO 10/8/2021, 4:38:53 PM  [win] blur
INFO 10/8/2021, 4:38:58 PM  [focus] 1
INFO 10/8/2021, 4:39:00 PM  [blur] 1
INFO 10/8/2021, 4:39:00 PM  [win] blur
INFO 10/8/2021, 4:39:01 PM  [focus] 1
INFO 10/8/2021, 4:39:02 PM  [blur] 1
INFO 10/8/2021, 4:39:02 PM  [win] blur
INFO 10/8/2021, 4:39:02 PM  [focus] 1
INFO 10/8/2021, 4:39:07 PM  [blur] 1
INFO 10/8/2021, 4:39:07 PM  [win] blur
INFO 10/8/2021, 4:39:38 PM  [focus] 1
INFO 10/8/2021, 4:39:39 PM  [blur] 1
INFO 10/8/2021, 4:39:39 PM  [win] blur
INFO 10/8/2021, 4:39:41 PM  [focus] 1
INFO 10/8/2021, 4:39:41 PM  [blur] 1
INFO 10/8/2021, 4:39:41 PM  [win] blur
INFO 10/8/2021, 4:39:43 PM  [focus] 1
INFO 10/8/2021, 4:39:43 PM  [blur] 1
INFO 10/8/2021, 4:39:43 PM  [win] blur
INFO 10/8/2021, 4:39:44 PM  [focus] 1
INFO 10/8/2021, 4:40:00 PM  [blur] 1
INFO 10/8/2021, 4:40:00 PM  [win] blur
INFO 10/8/2021, 4:40:06 PM  [focus] 1
INFO 10/8/2021, 4:40:10 PM  [blur] 1
INFO 10/8/2021, 4:40:10 PM  [win] blur
INFO 10/8/2021, 4:40:14 PM  [focus] 1
INFO 10/8/2021, 4:40:19 PM  [blur] 1
INFO 10/8/2021, 4:40:19 PM  [win] blur
INFO 10/8/2021, 4:40:26 PM  [focus] 1
INFO 10/8/2021, 4:40:27 PM  [blur] 1
INFO 10/8/2021, 4:40:27 PM  [win] blur
INFO 10/8/2021, 4:40:46 PM  [focus] 1
INFO 10/8/2021, 4:45:17 PM  [blur] 1
INFO 10/8/2021, 4:45:17 PM  [win] blur
